android/app/build/intermediates/manifest_merge_blame_file/release/manifest-merger-blame-release-report.txt
1<?xml version="1.0" encoding="utf-8"?>
2<manifest xmlns:android="http://schemas.android.com/apk/res/android"
3    package="sbs.zenova.twa"
4    android:versionCode="2"
5    android:versionName="1.0.1" >
6
7    <uses-sdk
8        android:minSdkVersion="24"
9        android:targetSdkVersion="34" />
10
11    <!-- Internet Permission -->
12    <uses-permission android:name="android.permission.INTERNET" />
12-->src/main/AndroidManifest.xml:6:5-67
12-->src/main/AndroidManifest.xml:6:22-64
13    <uses-permission android:name="android.permission.ACCESS_NETWORK_STATE" />
13-->src/main/AndroidManifest.xml:7:5-79
13-->src/main/AndroidManifest.xml:7:22-76
14
15    <!-- Location Permissions -->
16    <uses-permission android:name="android.permission.ACCESS_FINE_LOCATION" />
16-->src/main/AndroidManifest.xml:10:5-79
16-->src/main/AndroidManifest.xml:10:22-76
17    <uses-permission android:name="android.permission.ACCESS_COARSE_LOCATION" />
17-->src/main/AndroidManifest.xml:11:5-81
17-->src/main/AndroidManifest.xml:11:22-78
18    <uses-permission android:name="android.permission.ACCESS_BACKGROUND_LOCATION" />
18-->src/main/AndroidManifest.xml:12:5-85
18-->src/main/AndroidManifest.xml:12:22-82
19
20    <!-- Notification Permissions -->
21    <uses-permission android:name="android.permission.POST_NOTIFICATIONS" />
21-->src/main/AndroidManifest.xml:15:5-77
21-->src/main/AndroidManifest.xml:15:22-74
22    <uses-permission android:name="android.permission.VIBRATE" />
22-->src/main/AndroidManifest.xml:16:5-66
22-->src/main/AndroidManifest.xml:16:22-63
23
24    <!-- Camera Permission (for future features) -->
25    <uses-permission android:name="android.permission.CAMERA" />
25-->src/main/AndroidManifest.xml:19:5-65
25-->src/main/AndroidManifest.xml:19:22-62
26
27    <!-- Storage Permissions -->
28    <uses-permission
28-->src/main/AndroidManifest.xml:22:5-23:38
29        android:name="android.permission.READ_EXTERNAL_STORAGE"
29-->src/main/AndroidManifest.xml:22:22-77
30        android:maxSdkVersion="32" />
30-->src/main/AndroidManifest.xml:23:9-35
31    <uses-permission
31-->src/main/AndroidManifest.xml:24:5-26:40
32        android:name="android.permission.WRITE_EXTERNAL_STORAGE"
32-->src/main/AndroidManifest.xml:24:22-78
33        android:maxSdkVersion="32" />
33-->src/main/AndroidManifest.xml:25:9-35
34    <uses-permission android:name="android.permission.READ_MEDIA_IMAGES" />
34-->src/main/AndroidManifest.xml:27:5-76
34-->src/main/AndroidManifest.xml:27:22-73
35    <uses-permission android:name="android.permission.READ_MEDIA_VIDEO" />
35-->src/main/AndroidManifest.xml:28:5-75
35-->src/main/AndroidManifest.xml:28:22-72
36
37    <!-- Wake Lock for notifications -->
38    <uses-permission android:name="android.permission.WAKE_LOCK" />
38-->src/main/AndroidManifest.xml:31:5-68
38-->src/main/AndroidManifest.xml:31:22-65
39
40    <!-- Foreground Service for location tracking and notifications -->
41    <uses-permission android:name="android.permission.FOREGROUND_SERVICE" />
41-->src/main/AndroidManifest.xml:34:5-77
41-->src/main/AndroidManifest.xml:34:22-74
42    <uses-permission android:name="android.permission.FOREGROUND_SERVICE_LOCATION" />
42-->src/main/AndroidManifest.xml:35:5-86
42-->src/main/AndroidManifest.xml:35:22-83
43    <uses-permission android:name="android.permission.FOREGROUND_SERVICE_DATA_SYNC" />
43-->src/main/AndroidManifest.xml:36:5-87
43-->src/main/AndroidManifest.xml:36:22-84
44
45    <!-- Battery optimization exemption for background geofencing -->
46    <uses-permission android:name="android.permission.REQUEST_IGNORE_BATTERY_OPTIMIZATIONS" />
46-->src/main/AndroidManifest.xml:39:5-95
46-->src/main/AndroidManifest.xml:39:22-92
47    <uses-permission android:name="android.permission.SCHEDULE_EXACT_ALARM" />
47-->src/main/AndroidManifest.xml:40:5-79
47-->src/main/AndroidManifest.xml:40:22-76
48
49    <!-- Required by older versions of Google Play services to create IID tokens -->
50    <uses-permission android:name="com.google.android.c2dm.permission.RECEIVE" />
50-->[com.google.firebase:firebase-messaging:23.4.0] AndroidManifest.xml:26:5-82
50-->[com.google.firebase:firebase-messaging:23.4.0] AndroidManifest.xml:26:22-79
51    <uses-permission android:name="com.google.android.finsky.permission.BIND_GET_INSTALL_REFERRER_SERVICE" />
51-->[com.google.android.gms:play-services-measurement:21.5.0] AndroidManifest.xml:26:5-110
51-->[com.google.android.gms:play-services-measurement:21.5.0] AndroidManifest.xml:26:22-107
52    <uses-permission android:name="com.google.android.gms.permission.AD_ID" />
52-->[com.google.android.gms:play-services-measurement-impl:21.5.0] AndroidManifest.xml:27:5-79
52-->[com.google.android.gms:play-services-measurement-impl:21.5.0] AndroidManifest.xml:27:22-76
53    <uses-permission android:name="android.permission.ACCESS_ADSERVICES_ATTRIBUTION" />
53-->[com.google.android.gms:play-services-measurement-api:21.5.0] AndroidManifest.xml:26:5-88
53-->[com.google.android.gms:play-services-measurement-api:21.5.0] AndroidManifest.xml:26:22-85
54    <uses-permission android:name="android.permission.ACCESS_ADSERVICES_AD_ID" />
54-->[com.google.android.gms:play-services-measurement-api:21.5.0] AndroidManifest.xml:27:5-82
54-->[com.google.android.gms:play-services-measurement-api:21.5.0] AndroidManifest.xml:27:22-79
55
56    <permission
56-->[androidx.core:core:1.12.0] AndroidManifest.xml:22:5-24:47
57        android:name="sbs.zenova.twa.DYNAMIC_RECEIVER_NOT_EXPORTED_PERMISSION"
57-->[androidx.core:core:1.12.0] AndroidManifest.xml:23:9-81
58        android:protectionLevel="signature" />
58-->[androidx.core:core:1.12.0] AndroidManifest.xml:24:9-44
59
60    <uses-permission android:name="sbs.zenova.twa.DYNAMIC_RECEIVER_NOT_EXPORTED_PERMISSION" />
60-->[androidx.core:core:1.12.0] AndroidManifest.xml:26:5-97
60-->[androidx.core:core:1.12.0] AndroidManifest.xml:26:22-94
61
62    <application
62-->src/main/AndroidManifest.xml:42:5-135:19
63        android:name="sbs.zenova.twa.TalioApplication"
63-->src/main/AndroidManifest.xml:43:9-41
64        android:allowBackup="true"
64-->src/main/AndroidManifest.xml:44:9-35
65        android:appComponentFactory="androidx.core.app.CoreComponentFactory"
65-->[androidx.core:core:1.12.0] AndroidManifest.xml:28:18-86
66        android:dataExtractionRules="@xml/data_extraction_rules"
66-->src/main/AndroidManifest.xml:45:9-65
67        android:extractNativeLibs="false"
68        android:fullBackupContent="@xml/backup_rules"
68-->src/main/AndroidManifest.xml:46:9-54
69        android:icon="@mipmap/ic_launcher"
69-->src/main/AndroidManifest.xml:47:9-43
70        android:label="@string/app_name"
70-->src/main/AndroidManifest.xml:48:9-41
71        android:networkSecurityConfig="@xml/network_security_config"
71-->src/main/AndroidManifest.xml:53:9-69
72        android:roundIcon="@mipmap/ic_launcher_round"
72-->src/main/AndroidManifest.xml:49:9-54
73        android:supportsRtl="true"
73-->src/main/AndroidManifest.xml:50:9-35
74        android:theme="@style/Theme.Talio"
74-->src/main/AndroidManifest.xml:51:9-43
75        android:usesCleartextTraffic="false" >
75-->src/main/AndroidManifest.xml:52:9-45
76
77        <!-- Main Activity -->
78        <activity
78-->src/main/AndroidManifest.xml:57:9-99:20
79            android:name="sbs.zenova.twa.MainActivity"
79-->src/main/AndroidManifest.xml:58:13-41
80            android:configChanges="orientation|screenSize|keyboardHidden"
80-->src/main/AndroidManifest.xml:61:13-74
81            android:exported="true"
81-->src/main/AndroidManifest.xml:59:13-36
82            android:launchMode="singleTask"
82-->src/main/AndroidManifest.xml:60:13-44
83            android:theme="@style/Theme.Talio.Splash" >
83-->src/main/AndroidManifest.xml:62:13-54
84            <intent-filter>
84-->src/main/AndroidManifest.xml:63:13-66:29
85                <action android:name="android.intent.action.MAIN" />
85-->src/main/AndroidManifest.xml:64:17-69
85-->src/main/AndroidManifest.xml:64:25-66
86
87                <category android:name="android.intent.category.LAUNCHER" />
87-->src/main/AndroidManifest.xml:65:17-77
87-->src/main/AndroidManifest.xml:65:27-74
88            </intent-filter>
89
90            <!-- Deep Links for all app.talio.in URLs -->
91            <intent-filter android:autoVerify="true" >
91-->src/main/AndroidManifest.xml:69:13-76:29
91-->src/main/AndroidManifest.xml:69:28-53
92                <action android:name="android.intent.action.VIEW" />
92-->src/main/AndroidManifest.xml:70:17-69
92-->src/main/AndroidManifest.xml:70:25-66
93
94                <category android:name="android.intent.category.DEFAULT" />
94-->src/main/AndroidManifest.xml:71:17-76
94-->src/main/AndroidManifest.xml:71:27-73
95                <category android:name="android.intent.category.BROWSABLE" />
95-->src/main/AndroidManifest.xml:72:17-78
95-->src/main/AndroidManifest.xml:72:27-75
96
97                <data
97-->src/main/AndroidManifest.xml:73:17-75:51
98                    android:host="app.talio.in"
98-->src/main/AndroidManifest.xml:75:21-48
99                    android:scheme="https" />
99-->src/main/AndroidManifest.xml:74:21-43
100            </intent-filter>
101
102            <!-- Specific intent filter for OAuth callback -->
103            <intent-filter android:autoVerify="true" >
103-->src/main/AndroidManifest.xml:79:13-87:29
103-->src/main/AndroidManifest.xml:79:28-53
104                <action android:name="android.intent.action.VIEW" />
104-->src/main/AndroidManifest.xml:70:17-69
104-->src/main/AndroidManifest.xml:70:25-66
105
106                <category android:name="android.intent.category.DEFAULT" />
106-->src/main/AndroidManifest.xml:71:17-76
106-->src/main/AndroidManifest.xml:71:27-73
107                <category android:name="android.intent.category.BROWSABLE" />
107-->src/main/AndroidManifest.xml:72:17-78
107-->src/main/AndroidManifest.xml:72:27-75
108
109                <data
109-->src/main/AndroidManifest.xml:73:17-75:51
110                    android:host="app.talio.in"
110-->src/main/AndroidManifest.xml:75:21-48
111                    android:pathPrefix="/api/auth/google/callback"
111-->src/main/AndroidManifest.xml:86:21-67
112                    android:scheme="https" />
112-->src/main/AndroidManifest.xml:74:21-43
113            </intent-filter>
114
115            <!-- Specific intent filter for auth callback page -->
116            <intent-filter android:autoVerify="true" >
116-->src/main/AndroidManifest.xml:90:13-98:29
116-->src/main/AndroidManifest.xml:90:28-53
117                <action android:name="android.intent.action.VIEW" />
117-->src/main/AndroidManifest.xml:70:17-69
117-->src/main/AndroidManifest.xml:70:25-66
118
119                <category android:name="android.intent.category.DEFAULT" />
119-->src/main/AndroidManifest.xml:71:17-76
119-->src/main/AndroidManifest.xml:71:27-73
120                <category android:name="android.intent.category.BROWSABLE" />
120-->src/main/AndroidManifest.xml:72:17-78
120-->src/main/AndroidManifest.xml:72:27-75
121
122                <data
122-->src/main/AndroidManifest.xml:73:17-75:51
123                    android:host="app.talio.in"
123-->src/main/AndroidManifest.xml:75:21-48
124                    android:pathPrefix="/auth/callback"
124-->src/main/AndroidManifest.xml:86:21-67
125                    android:scheme="https" />
125-->src/main/AndroidManifest.xml:74:21-43
126            </intent-filter>
127        </activity>
128
129        <!-- Firebase Cloud Messaging Service -->
130        <service
130-->src/main/AndroidManifest.xml:102:9-108:19
131            android:name="sbs.zenova.twa.services.FirebaseMessagingService"
131-->src/main/AndroidManifest.xml:103:13-62
132            android:exported="false" >
132-->src/main/AndroidManifest.xml:104:13-37
133            <intent-filter>
133-->src/main/AndroidManifest.xml:105:13-107:29
134                <action android:name="com.google.firebase.MESSAGING_EVENT" />
134-->src/main/AndroidManifest.xml:106:17-78
134-->src/main/AndroidManifest.xml:106:25-75
135            </intent-filter>
136        </service>
137
138        <!-- Location Tracking Service -->
139        <service
139-->src/main/AndroidManifest.xml:111:9-115:56
140            android:name="sbs.zenova.twa.services.LocationTrackingService"
140-->src/main/AndroidManifest.xml:112:13-61
141            android:enabled="true"
141-->src/main/AndroidManifest.xml:113:13-35
142            android:exported="false"
142-->src/main/AndroidManifest.xml:114:13-37
143            android:foregroundServiceType="location" />
143-->src/main/AndroidManifest.xml:115:13-53
144
145        <!-- Notification Service -->
146        <service
146-->src/main/AndroidManifest.xml:118:9-122:56
147            android:name="sbs.zenova.twa.services.NotificationService"
147-->src/main/AndroidManifest.xml:119:13-57
148            android:enabled="true"
148-->src/main/AndroidManifest.xml:120:13-35
149            android:exported="false"
149-->src/main/AndroidManifest.xml:121:13-37
150            android:foregroundServiceType="dataSync" />
150-->src/main/AndroidManifest.xml:122:13-53
151
152        <!-- File Provider for sharing files -->
153        <provider
154            android:name="androidx.core.content.FileProvider"
154-->src/main/AndroidManifest.xml:126:13-62
155            android:authorities="sbs.zenova.twa.fileprovider"
155-->src/main/AndroidManifest.xml:127:13-64
156            android:exported="false"
156-->src/main/AndroidManifest.xml:128:13-37
157            android:grantUriPermissions="true" >
157-->src/main/AndroidManifest.xml:129:13-47
158            <meta-data
158-->src/main/AndroidManifest.xml:130:13-132:54
159                android:name="android.support.FILE_PROVIDER_PATHS"
159-->src/main/AndroidManifest.xml:131:17-67
160                android:resource="@xml/file_paths" />
160-->src/main/AndroidManifest.xml:132:17-51
161        </provider>
162        <provider
162-->[androidx.emoji2:emoji2:1.2.0] AndroidManifest.xml:24:9-32:20
163            android:name="androidx.startup.InitializationProvider"
163-->[androidx.emoji2:emoji2:1.2.0] AndroidManifest.xml:25:13-67
164            android:authorities="sbs.zenova.twa.androidx-startup"
164-->[androidx.emoji2:emoji2:1.2.0] AndroidManifest.xml:26:13-68
165            android:exported="false" >
165-->[androidx.emoji2:emoji2:1.2.0] AndroidManifest.xml:27:13-37
166            <meta-data
166-->[androidx.emoji2:emoji2:1.2.0] AndroidManifest.xml:29:13-31:52
167                android:name="androidx.emoji2.text.EmojiCompatInitializer"
167-->[androidx.emoji2:emoji2:1.2.0] AndroidManifest.xml:30:17-75
168                android:value="androidx.startup" />
168-->[androidx.emoji2:emoji2:1.2.0] AndroidManifest.xml:31:17-49
169            <meta-data
169-->[androidx.lifecycle:lifecycle-process:2.7.0] AndroidManifest.xml:29:13-31:52
170                android:name="androidx.lifecycle.ProcessLifecycleInitializer"
170-->[androidx.lifecycle:lifecycle-process:2.7.0] AndroidManifest.xml:30:17-78
171                android:value="androidx.startup" />
171-->[androidx.lifecycle:lifecycle-process:2.7.0] AndroidManifest.xml:31:17-49
172            <meta-data
172-->[androidx.profileinstaller:profileinstaller:1.3.0] AndroidManifest.xml:29:13-31:52
173                android:name="androidx.profileinstaller.ProfileInstallerInitializer"
173-->[androidx.profileinstaller:profileinstaller:1.3.0] AndroidManifest.xml:30:17-85
174                android:value="androidx.startup" />
174-->[androidx.profileinstaller:profileinstaller:1.3.0] AndroidManifest.xml:31:17-49
175        </provider>
176
177        <service
177-->[com.google.firebase:firebase-messaging-ktx:23.4.0] AndroidManifest.xml:23:9-29:19
178            android:name="com.google.firebase.components.ComponentDiscoveryService"
178-->[com.google.firebase:firebase-messaging-ktx:23.4.0] AndroidManifest.xml:24:13-84
179            android:directBootAware="true"
179-->[com.google.firebase:firebase-common:20.4.2] AndroidManifest.xml:32:13-43
180            android:exported="false" >
180-->[com.google.firebase:firebase-messaging-ktx:23.4.0] AndroidManifest.xml:25:13-37
181            <meta-data
181-->[com.google.firebase:firebase-messaging-ktx:23.4.0] AndroidManifest.xml:26:13-28:85
182                android:name="com.google.firebase.components:com.google.firebase.messaging.ktx.FirebaseMessagingLegacyRegistrar"
182-->[com.google.firebase:firebase-messaging-ktx:23.4.0] AndroidManifest.xml:27:17-129
183                android:value="com.google.firebase.components.ComponentRegistrar" />
183-->[com.google.firebase:firebase-messaging-ktx:23.4.0] AndroidManifest.xml:28:17-82
184            <meta-data
184-->[com.google.firebase:firebase-messaging:23.4.0] AndroidManifest.xml:57:13-59:85
185                android:name="com.google.firebase.components:com.google.firebase.messaging.FirebaseMessagingKtxRegistrar"
185-->[com.google.firebase:firebase-messaging:23.4.0] AndroidManifest.xml:58:17-122
186                android:value="com.google.firebase.components.ComponentRegistrar" />
186-->[com.google.firebase:firebase-messaging:23.4.0] AndroidManifest.xml:59:17-82
187            <meta-data
187-->[com.google.firebase:firebase-messaging:23.4.0] AndroidManifest.xml:60:13-62:85
188                android:name="com.google.firebase.components:com.google.firebase.messaging.FirebaseMessagingRegistrar"
188-->[com.google.firebase:firebase-messaging:23.4.0] AndroidManifest.xml:61:17-119
189                android:value="com.google.firebase.components.ComponentRegistrar" />
189-->[com.google.firebase:firebase-messaging:23.4.0] AndroidManifest.xml:62:17-82
190            <meta-data
190-->[com.google.firebase:firebase-analytics-ktx:21.5.0] AndroidManifest.xml:11:13-13:85
191                android:name="com.google.firebase.components:com.google.firebase.analytics.ktx.FirebaseAnalyticsLegacyRegistrar"
191-->[com.google.firebase:firebase-analytics-ktx:21.5.0] AndroidManifest.xml:12:17-129
192                android:value="com.google.firebase.components.ComponentRegistrar" />
192-->[com.google.firebase:firebase-analytics-ktx:21.5.0] AndroidManifest.xml:13:17-82
193            <meta-data
193-->[com.google.android.gms:play-services-measurement-api:21.5.0] AndroidManifest.xml:37:13-39:85
194                android:name="com.google.firebase.components:com.google.firebase.analytics.connector.internal.AnalyticsConnectorRegistrar"
194-->[com.google.android.gms:play-services-measurement-api:21.5.0] AndroidManifest.xml:38:17-139
195                android:value="com.google.firebase.components.ComponentRegistrar" />
195-->[com.google.android.gms:play-services-measurement-api:21.5.0] AndroidManifest.xml:39:17-82
196            <meta-data
196-->[com.google.firebase:firebase-installations:17.2.0] AndroidManifest.xml:15:13-17:85
197                android:name="com.google.firebase.components:com.google.firebase.installations.FirebaseInstallationsKtxRegistrar"
197-->[com.google.firebase:firebase-installations:17.2.0] AndroidManifest.xml:16:17-130
198                android:value="com.google.firebase.components.ComponentRegistrar" />
198-->[com.google.firebase:firebase-installations:17.2.0] AndroidManifest.xml:17:17-82
199            <meta-data
199-->[com.google.firebase:firebase-installations:17.2.0] AndroidManifest.xml:18:13-20:85
200                android:name="com.google.firebase.components:com.google.firebase.installations.FirebaseInstallationsRegistrar"
200-->[com.google.firebase:firebase-installations:17.2.0] AndroidManifest.xml:19:17-127
201                android:value="com.google.firebase.components.ComponentRegistrar" />
201-->[com.google.firebase:firebase-installations:17.2.0] AndroidManifest.xml:20:17-82
202            <meta-data
202-->[com.google.firebase:firebase-common-ktx:20.4.2] AndroidManifest.xml:12:13-14:85
203                android:name="com.google.firebase.components:com.google.firebase.ktx.FirebaseCommonLegacyRegistrar"
203-->[com.google.firebase:firebase-common-ktx:20.4.2] AndroidManifest.xml:13:17-116
204                android:value="com.google.firebase.components.ComponentRegistrar" />
204-->[com.google.firebase:firebase-common-ktx:20.4.2] AndroidManifest.xml:14:17-82
205            <meta-data
205-->[com.google.firebase:firebase-common:20.4.2] AndroidManifest.xml:35:13-37:85
206                android:name="com.google.firebase.components:com.google.firebase.FirebaseCommonKtxRegistrar"
206-->[com.google.firebase:firebase-common:20.4.2] AndroidManifest.xml:36:17-109
207                android:value="com.google.firebase.components.ComponentRegistrar" />
207-->[com.google.firebase:firebase-common:20.4.2] AndroidManifest.xml:37:17-82
208            <meta-data
208-->[com.google.firebase:firebase-datatransport:18.1.7] AndroidManifest.xml:27:13-29:85
209                android:name="com.google.firebase.components:com.google.firebase.datatransport.TransportRegistrar"
209-->[com.google.firebase:firebase-datatransport:18.1.7] AndroidManifest.xml:28:17-115
210                android:value="com.google.firebase.components.ComponentRegistrar" />
210-->[com.google.firebase:firebase-datatransport:18.1.7] AndroidManifest.xml:29:17-82
211        </service>
212
213        <receiver
213-->[com.google.firebase:firebase-messaging:23.4.0] AndroidManifest.xml:29:9-40:20
214            android:name="com.google.firebase.iid.FirebaseInstanceIdReceiver"
214-->[com.google.firebase:firebase-messaging:23.4.0] AndroidManifest.xml:30:13-78
215            android:exported="true"
215-->[com.google.firebase:firebase-messaging:23.4.0] AndroidManifest.xml:31:13-36
216            android:permission="com.google.android.c2dm.permission.SEND" >
216-->[com.google.firebase:firebase-messaging:23.4.0] AndroidManifest.xml:32:13-73
217            <intent-filter>
217-->[com.google.firebase:firebase-messaging:23.4.0] AndroidManifest.xml:33:13-35:29
218                <action android:name="com.google.android.c2dm.intent.RECEIVE" />
218-->[com.google.firebase:firebase-messaging:23.4.0] AndroidManifest.xml:34:17-81
218-->[com.google.firebase:firebase-messaging:23.4.0] AndroidManifest.xml:34:25-78
219            </intent-filter>
220
221            <meta-data
221-->[com.google.firebase:firebase-messaging:23.4.0] AndroidManifest.xml:37:13-39:40
222                android:name="com.google.android.gms.cloudmessaging.FINISHED_AFTER_HANDLED"
222-->[com.google.firebase:firebase-messaging:23.4.0] AndroidManifest.xml:38:17-92
223                android:value="true" />
223-->[com.google.firebase:firebase-messaging:23.4.0] AndroidManifest.xml:39:17-37
224        </receiver>
225        <!--
226             FirebaseMessagingService performs security checks at runtime,
227             but set to not exported to explicitly avoid allowing another app to call it.
228        -->
229        <service
229-->[com.google.firebase:firebase-messaging:23.4.0] AndroidManifest.xml:46:9-53:19
230            android:name="com.google.firebase.messaging.FirebaseMessagingService"
230-->[com.google.firebase:firebase-messaging:23.4.0] AndroidManifest.xml:47:13-82
231            android:directBootAware="true"
231-->[com.google.firebase:firebase-messaging:23.4.0] AndroidManifest.xml:48:13-43
232            android:exported="false" >
232-->[com.google.firebase:firebase-messaging:23.4.0] AndroidManifest.xml:49:13-37
233            <intent-filter android:priority="-500" >
233-->src/main/AndroidManifest.xml:105:13-107:29
234                <action android:name="com.google.firebase.MESSAGING_EVENT" />
234-->src/main/AndroidManifest.xml:106:17-78
234-->src/main/AndroidManifest.xml:106:25-75
235            </intent-filter>
236        </service>
237
238        <activity
238-->[com.google.android.gms:play-services-base:18.1.0] AndroidManifest.xml:20:9-22:45
239            android:name="com.google.android.gms.common.api.GoogleApiActivity"
239-->[com.google.android.gms:play-services-base:18.1.0] AndroidManifest.xml:20:19-85
240            android:exported="false"
240-->[com.google.android.gms:play-services-base:18.1.0] AndroidManifest.xml:22:19-43
241            android:theme="@android:style/Theme.Translucent.NoTitleBar" />
241-->[com.google.android.gms:play-services-base:18.1.0] AndroidManifest.xml:21:19-78
242
243        <receiver
243-->[com.google.android.gms:play-services-measurement:21.5.0] AndroidManifest.xml:29:9-33:20
244            android:name="com.google.android.gms.measurement.AppMeasurementReceiver"
244-->[com.google.android.gms:play-services-measurement:21.5.0] AndroidManifest.xml:30:13-85
245            android:enabled="true"
245-->[com.google.android.gms:play-services-measurement:21.5.0] AndroidManifest.xml:31:13-35
246            android:exported="false" >
246-->[com.google.android.gms:play-services-measurement:21.5.0] AndroidManifest.xml:32:13-37
247        </receiver>
248
249        <service
249-->[com.google.android.gms:play-services-measurement:21.5.0] AndroidManifest.xml:35:9-38:40
250            android:name="com.google.android.gms.measurement.AppMeasurementService"
250-->[com.google.android.gms:play-services-measurement:21.5.0] AndroidManifest.xml:36:13-84
251            android:enabled="true"
251-->[com.google.android.gms:play-services-measurement:21.5.0] AndroidManifest.xml:37:13-35
252            android:exported="false" />
252-->[com.google.android.gms:play-services-measurement:21.5.0] AndroidManifest.xml:38:13-37
253        <service
253-->[com.google.android.gms:play-services-measurement:21.5.0] AndroidManifest.xml:39:9-43:72
254            android:name="com.google.android.gms.measurement.AppMeasurementJobService"
254-->[com.google.android.gms:play-services-measurement:21.5.0] AndroidManifest.xml:40:13-87
255            android:enabled="true"
255-->[com.google.android.gms:play-services-measurement:21.5.0] AndroidManifest.xml:41:13-35
256            android:exported="false"
256-->[com.google.android.gms:play-services-measurement:21.5.0] AndroidManifest.xml:42:13-37
257            android:permission="android.permission.BIND_JOB_SERVICE" />
257-->[com.google.android.gms:play-services-measurement:21.5.0] AndroidManifest.xml:43:13-69
258
259        <uses-library
259-->[androidx.privacysandbox.ads:ads-adservices:1.0.0-beta05] AndroidManifest.xml:23:9-25:40
260            android:name="android.ext.adservices"
260-->[androidx.privacysandbox.ads:ads-adservices:1.0.0-beta05] AndroidManifest.xml:24:13-50
261            android:required="false" />
261-->[androidx.privacysandbox.ads:ads-adservices:1.0.0-beta05] AndroidManifest.xml:25:13-37
262
263        <property
263-->[com.google.android.gms:play-services-measurement-api:21.5.0] AndroidManifest.xml:30:9-32:61
264            android:name="android.adservices.AD_SERVICES_CONFIG"
264-->[com.google.android.gms:play-services-measurement-api:21.5.0] AndroidManifest.xml:31:13-65
265            android:resource="@xml/ga_ad_services_config" />
265-->[com.google.android.gms:play-services-measurement-api:21.5.0] AndroidManifest.xml:32:13-58
266
267        <provider
267-->[com.google.firebase:firebase-common:20.4.2] AndroidManifest.xml:23:9-28:39
268            android:name="com.google.firebase.provider.FirebaseInitProvider"
268-->[com.google.firebase:firebase-common:20.4.2] AndroidManifest.xml:24:13-77
269            android:authorities="sbs.zenova.twa.firebaseinitprovider"
269-->[com.google.firebase:firebase-common:20.4.2] AndroidManifest.xml:25:13-72
270            android:directBootAware="true"
270-->[com.google.firebase:firebase-common:20.4.2] AndroidManifest.xml:26:13-43
271            android:exported="false"
271-->[com.google.firebase:firebase-common:20.4.2] AndroidManifest.xml:27:13-37
272            android:initOrder="100" />
272-->[com.google.firebase:firebase-common:20.4.2] AndroidManifest.xml:28:13-36
273
274        <meta-data
274-->[com.google.android.gms:play-services-basement:18.1.0] AndroidManifest.xml:21:9-23:69
275            android:name="com.google.android.gms.version"
275-->[com.google.android.gms:play-services-basement:18.1.0] AndroidManifest.xml:22:13-58
276            android:value="@integer/google_play_services_version" />
276-->[com.google.android.gms:play-services-basement:18.1.0] AndroidManifest.xml:23:13-66
277
278        <receiver
278-->[androidx.profileinstaller:profileinstaller:1.3.0] AndroidManifest.xml:34:9-52:20
279            android:name="androidx.profileinstaller.ProfileInstallReceiver"
279-->[androidx.profileinstaller:profileinstaller:1.3.0] AndroidManifest.xml:35:13-76
280            android:directBootAware="false"
280-->[androidx.profileinstaller:profileinstaller:1.3.0] AndroidManifest.xml:36:13-44
281            android:enabled="true"
281-->[androidx.profileinstaller:profileinstaller:1.3.0] AndroidManifest.xml:37:13-35
282            android:exported="true"
282-->[androidx.profileinstaller:profileinstaller:1.3.0] AndroidManifest.xml:38:13-36
283            android:permission="android.permission.DUMP" >
283-->[androidx.profileinstaller:profileinstaller:1.3.0] AndroidManifest.xml:39:13-57
284            <intent-filter>
284-->[androidx.profileinstaller:profileinstaller:1.3.0] AndroidManifest.xml:40:13-42:29
285                <action android:name="androidx.profileinstaller.action.INSTALL_PROFILE" />
285-->[androidx.profileinstaller:profileinstaller:1.3.0] AndroidManifest.xml:41:17-91
285-->[androidx.profileinstaller:profileinstaller:1.3.0] AndroidManifest.xml:41:25-88
286            </intent-filter>
287            <intent-filter>
287-->[androidx.profileinstaller:profileinstaller:1.3.0] AndroidManifest.xml:43:13-45:29
288                <action android:name="androidx.profileinstaller.action.SKIP_FILE" />
288-->[androidx.profileinstaller:profileinstaller:1.3.0] AndroidManifest.xml:44:17-85
288-->[androidx.profileinstaller:profileinstaller:1.3.0] AndroidManifest.xml:44:25-82
289            </intent-filter>
290            <intent-filter>
290-->[androidx.profileinstaller:profileinstaller:1.3.0] AndroidManifest.xml:46:13-48:29